<?xml version="1.0" encoding="UTF-8"?>
<!-- Generated by org.testng.reporters.JUnitXMLReporter -->
<testsuite hostname="Thejas-MBP" name="Test" tests="1" failures="1" timestamp="11 Jul 2019 09:27:51 GMT" time="9.037" errors="0">
  <testcase name="DriverNataionality" time="8.984" classname="driver.DriverTests">
    <failure type="java.lang.ClassCastException" message="java.util.HashMap cannot be cast to model.Driver">
      <![CDATA[java.lang.ClassCastException: java.util.HashMap cannot be cast to model.Driver
	at driver.DriverTests$$Lambda$1/1060519157.test(Unknown Source)
	at java.util.stream.ReferencePipeline$2$1.accept(ReferencePipeline.java:174)
	at java.util.ArrayList$ArrayListSpliterator.tryAdvance(ArrayList.java:1351)
	at java.util.stream.ReferencePipeline.forEachWithCancel(ReferencePipeline.java:126)
	at java.util.stream.AbstractPipeline.copyIntoWithCancel(AbstractPipeline.java:529)
	at java.util.stream.AbstractPipeline.copyInto(AbstractPipeline.java:516)
	at java.util.stream.AbstractPipeline.wrapAndCopyInto(AbstractPipeline.java:502)
	at java.util.stream.FindOps$FindOp.evaluateSequential(FindOps.java:152)
	at java.util.stream.AbstractPipeline.evaluate(AbstractPipeline.java:234)
	at java.util.stream.ReferencePipeline.findAny(ReferencePipeline.java:469)
	at driver.DriverTests.DriverNataionality(DriverTests.java:41)
... Removed 25 stack frames]]>
    </failure>
  </testcase> <!-- DriverNataionality -->
</testsuite> <!-- Test -->
